<?xml version="1.0" encoding="UTF-8"?>
<robot generator="Robot 7.2.2 (Python 3.11.6 on win32)" generated="2025-05-25T20:32:27.170800" rpa="false" schemaversion="5">
<suite id="s1" name="Login Tests" source="C:\Users\Administrator\Desktop\lok_blog\blog-post\blog-post-tests\Tests\login_tests.robot">
<test id="s1-t1" name="Login Test" line="6">
<kw name="Open Browser To Login Page" owner="keywords">
<kw name="Open Browser" owner="SeleniumLibrary">
<msg time="2025-05-25T20:32:28.202052" level="INFO">Opening browser 'Chrome' to base url 'http://localhost:8080/login'.</msg>
<arg>${LOGIN_URL}</arg>
<arg>${BROWSER}</arg>
<doc>Opens a new browser instance to the optional ``url``.</doc>
<status status="PASS" start="2025-05-25T20:32:28.202052" elapsed="5.386078"/>
</kw>
<kw name="Maximize Browser Window" owner="SeleniumLibrary">
<doc>Maximizes current browser window.</doc>
<status status="PASS" start="2025-05-25T20:32:33.589126" elapsed="0.521813"/>
</kw>
<status status="PASS" start="2025-05-25T20:32:28.200055" elapsed="5.910884"/>
</kw>
<kw name="Input Username" owner="keywords">
<kw name="Input Text" owner="SeleniumLibrary">
<msg time="2025-05-25T20:32:34.113933" level="INFO">Typing text 'Alex1973' into text field 'id=username'.</msg>
<arg>id=username</arg>
<arg>${username}</arg>
<doc>Types the given ``text`` into the text field identified by ``locator``.</doc>
<status status="PASS" start="2025-05-25T20:32:34.112931" elapsed="1.484248"/>
</kw>
<arg>Alex1973</arg>
<status status="PASS" start="2025-05-25T20:32:34.111940" elapsed="1.485239"/>
</kw>
<kw name="Input Password" owner="keywords">
<kw name="Input Text" owner="SeleniumLibrary">
<msg time="2025-05-25T20:32:35.642190" level="INFO">Typing text 'Alex1973!' into text field 'id=password'.</msg>
<arg>id=password</arg>
<arg>${password}</arg>
<doc>Types the given ``text`` into the text field identified by ``locator``.</doc>
<status status="PASS" start="2025-05-25T20:32:35.641185" elapsed="1.624480"/>
</kw>
<arg>Alex1973!</arg>
<status status="PASS" start="2025-05-25T20:32:35.640188" elapsed="1.625477"/>
</kw>
<kw name="Click Element" owner="keywords">
<kw name="Wait Until Element Is Visible" owner="SeleniumLibrary">
<arg>${locator}</arg>
<arg>5s</arg>
<doc>Waits until the element ``locator`` is visible.</doc>
<status status="PASS" start="2025-05-25T20:32:37.270667" elapsed="0.422831"/>
</kw>
<kw name="Click Element" owner="SeleniumLibrary">
<msg time="2025-05-25T20:32:37.694493" level="INFO">Clicking element 'xpath=//input[@type='submit'][@value='Log In']'.</msg>
<arg>${locator}</arg>
<doc>Click the element identified by ``locator``.</doc>
<status status="PASS" start="2025-05-25T20:32:37.693498" elapsed="2.531571"/>
</kw>
<arg>xpath=//input[@type='submit'][@value='Log In']</arg>
<status status="PASS" start="2025-05-25T20:32:37.268667" elapsed="2.957419"/>
</kw>
<kw name="Verify Successful Login" owner="keywords">
<kw name="Wait Until Page Contains" owner="SeleniumLibrary">
<arg>Dashboard</arg>
<arg>5s</arg>
<doc>Waits until ``text`` appears on the current page.</doc>
<status status="PASS" start="2025-05-25T20:32:40.228064" elapsed="0.128567"/>
</kw>
<status status="PASS" start="2025-05-25T20:32:40.227062" elapsed="0.129569"/>
</kw>
<doc>Перевірка авторизації користувача</doc>
<status status="PASS" start="2025-05-25T20:32:28.198051" elapsed="12.159582"/>
</test>
<status status="PASS" start="2025-05-25T20:32:27.175800" elapsed="13.183831"/>
</suite>
<statistics>
<total>
<stat pass="1" fail="0" skip="0">All Tests</stat>
</total>
<tag>
</tag>
<suite>
<stat name="Login Tests" id="s1" pass="1" fail="0" skip="0">Login Tests</stat>
</suite>
</statistics>
<errors>
</errors>
</robot>
